0 info it worked if it ends with ok
1 verbose cli [ 'C:\\Program Files (x86)\\nodejs\\\\node.exe',
1 verbose cli   'C:\\Program Files (x86)\\nodejs\\node_modules\\npm\\bin\\npm-cli.js',
1 verbose cli   'install' ]
2 info using npm@1.2.0
3 info using node@v0.8.17
4 verbose node symlink C:\Program Files (x86)\nodejs\\node.exe
5 verbose read json C:\Users\mwhittemore\Desktop\mine\gist-db\package.json
6 verbose readDependencies using package.json deps
7 verbose install where, deps [ 'C:\\Users\\mwhittemore\\Desktop\\mine\\gist-db',
7 verbose install   [ 'github', 'request', 'taffydb' ] ]
8 verbose from cache C:\Users\mwhittemore\Desktop\mine\gist-db\package.json
9 info preinstall gist-db@0.0.2
10 verbose read json C:\Users\mwhittemore\Desktop\mine\gist-db\node_modules\github\package.json
11 verbose read json C:\Users\mwhittemore\Desktop\mine\gist-db\node_modules\request\package.json
12 verbose from cache C:\Users\mwhittemore\Desktop\mine\gist-db\package.json
13 verbose readDependencies using package.json deps
14 verbose from cache C:\Users\mwhittemore\Desktop\mine\gist-db\node_modules\github\package.json
15 verbose from cache C:\Users\mwhittemore\Desktop\mine\gist-db\node_modules\request\package.json
16 verbose already installed skipping github@0.1.8 C:\Users\mwhittemore\Desktop\mine\gist-db
17 verbose already installed skipping request@2.14.0 C:\Users\mwhittemore\Desktop\mine\gist-db
18 verbose cache add [ 'taffydb@https://github.com/mcwhittemore/taffydb/tarball/master',
18 verbose cache add   null ]
19 silly cache add name=undefined spec="taffydb@https://github.com/mcwhittemore/taffydb/tarball/master" args=["taffydb@https://github.com/mcwhittemore/taffydb/tarball/master",null]
20 verbose parsed url { pathname: 'taffydb@https://github.com/mcwhittemore/taffydb/tarball/master',
20 verbose parsed url   path: 'taffydb@https://github.com/mcwhittemore/taffydb/tarball/master',
20 verbose parsed url   href: 'taffydb@https://github.com/mcwhittemore/taffydb/tarball/master' }
21 silly cache add name="taffydb" spec="https://github.com/mcwhittemore/taffydb/tarball/master" args=["taffydb","https://github.com/mcwhittemore/taffydb/tarball/master"]
22 verbose parsed url { protocol: 'https:',
22 verbose parsed url   slashes: true,
22 verbose parsed url   host: 'github.com',
22 verbose parsed url   hostname: 'github.com',
22 verbose parsed url   href: 'https://github.com/mcwhittemore/taffydb/tarball/master',
22 verbose parsed url   pathname: '/mcwhittemore/taffydb/tarball/master',
22 verbose parsed url   path: '/mcwhittemore/taffydb/tarball/master' }
23 silly lockFile 5fffb5f4-hittemore-taffydb-tarball-master https://github.com/mcwhittemore/taffydb/tarball/master
24 verbose lock https://github.com/mcwhittemore/taffydb/tarball/master C:\Users\mwhittemore\AppData\Roaming\npm-cache\5fffb5f4-hittemore-taffydb-tarball-master.lock
25 verbose addRemoteTarball [ 'https://github.com/mcwhittemore/taffydb/tarball/master',
25 verbose addRemoteTarball   null ]
26 info retry fetch attempt 1 at 21:51:20
27 verbose fetch to= C:\Users\mwhittemore\AppData\Local\Temp\npm-36380\1362797480300-0.9393288267310709\tmp.tgz
28 http GET https://github.com/mcwhittemore/taffydb/tarball/master
29 http 200 https://github.com/mcwhittemore/taffydb/tarball/master
30 verbose tar unpack C:\Users\mwhittemore\AppData\Local\Temp\npm-36380\1362797480300-0.9393288267310709\tmp.tgz
31 silly lockFile 48ae4e39-80300-0-9393288267310709-package C:\Users\mwhittemore\AppData\Local\Temp\npm-36380\1362797480300-0.9393288267310709\package
32 verbose lock C:\Users\mwhittemore\AppData\Local\Temp\npm-36380\1362797480300-0.9393288267310709\package C:\Users\mwhittemore\AppData\Roaming\npm-cache\48ae4e39-80300-0-9393288267310709-package.lock
33 silly gunzTarPerm modes [ '755', '644' ]
34 silly gunzTarPerm extractEntry
35 silly gunzTarPerm modified mode [ '', 509, 493 ]
36 silly gunzTarPerm extractEntry .gitignore
37 silly gunzTarPerm modified mode [ '.gitignore', 436, 420 ]
38 silly gunzTarPerm extractEntry README.md
39 silly gunzTarPerm modified mode [ 'README.md', 436, 420 ]
40 silly gunzTarPerm extractEntry how-to-node.md
41 silly gunzTarPerm modified mode [ 'how-to-node.md', 436, 420 ]
42 silly gunzTarPerm extractEntry node-demo.js
43 silly gunzTarPerm modified mode [ 'node-demo.js', 436, 420 ]
44 silly gunzTarPerm extractEntry package.json
45 silly gunzTarPerm modified mode [ 'package.json', 436, 420 ]
46 silly gunzTarPerm extractEntry taffy-min.js
47 silly gunzTarPerm modified mode [ 'taffy-min.js', 436, 420 ]
48 silly gunzTarPerm extractEntry taffy-test.html
49 silly gunzTarPerm modified mode [ 'taffy-test.html', 436, 420 ]
50 silly gunzTarPerm extractEntry taffy.js
51 silly gunzTarPerm modified mode [ 'taffy.js', 436, 420 ]
52 verbose read json C:\Users\mwhittemore\AppData\Local\Temp\npm-36380\1362797480300-0.9393288267310709\package\package.json
53 silly lockFile 48ae4e39-80300-0-9393288267310709-package C:\Users\mwhittemore\AppData\Local\Temp\npm-36380\1362797480300-0.9393288267310709\package
54 silly lockFile 5fffb5f4-hittemore-taffydb-tarball-master https://github.com/mcwhittemore/taffydb/tarball/master
55 error Failed to parse json
55 error Unexpected token }
56 error File: C:\Users\mwhittemore\AppData\Local\Temp\npm-36380\1362797480300-0.9393288267310709\package\package.json
57 error Failed to parse package.json data.
57 error package.json must be actual JSON, not just JavaScript.
57 error
57 error This is not a bug in npm.
57 error Tell the package author to fix their package.json file. JSON.parse
58 error System Windows_NT 6.1.7601
59 error command "C:\\Program Files (x86)\\nodejs\\\\node.exe" "C:\\Program Files (x86)\\nodejs\\node_modules\\npm\\bin\\npm-cli.js" "install"
60 error cwd C:\Users\mwhittemore\Desktop\mine\gist-db
61 error node -v v0.8.17
62 error npm -v 1.2.0
63 error file C:\Users\mwhittemore\AppData\Local\Temp\npm-36380\1362797480300-0.9393288267310709\package\package.json
64 error code EJSONPARSE
65 verbose exit [ 1, true ]
